<?xml version="1.0" encoding="UTF-8"?>
<!-- Generated by org.testng.reporters.JUnitReportReporter -->
<testsuite skipped="0" hostname="admin-PC" name="rahuldasandvicky.HelloProject.ExecuteLeadTest" tests="1" failures="0" timestamp="20 May 2019 19:12:17 GMT" time="60.502" errors="0">
  <testcase name="verifyPageTitle" time="60.502" classname="rahuldasandvicky.HelloProject.ExecuteLeadTest"/>
</testsuite> <!-- rahuldasandvicky.HelloProject.ExecuteLeadTest -->
